[    0.000000] Linux version 5.15.0-153-generic (buildd@lcy02-amd64-105) (gcc (Ubuntu 11.4.0-1ubuntu1~22.04) 11.4.0, GNU ld (GNU Binutils for Ubuntu) 2.38) #163-Ubuntu SMP Thu Aug 7 16:37:18 UTC 2025 (Ubuntu 5.15.0-153.163-generic 5.15.185)
[    0.000000] Command line: root=/dev/sda1 rw console=ttyS0 oops=panic nopti nokaslr nosmap nosmep intel_iommu=on
[    0.000000] KERNEL supported cpus:
[    0.000000]   Intel GenuineIntel
[    0.000000]   AMD AuthenticAMD
[    0.000000]   Hygon HygonGenuine
[    0.000000]   Centaur CentaurHauls
[    0.000000]   zhaoxin   Shanghai  
[    0.000000] BIOS-provided physical RAM map:
[    0.000000] BIOS-e820: [mem 0x0000000000000000-0x000000000009fbff] usable
[    0.000000] BIOS-e820: [mem 0x000000000009fc00-0x000000000009ffff] reserved
[    0.000000] BIOS-e820: [mem 0x00000000000f0000-0x00000000000fffff] reserved
[    0.000000] BIOS-e820: [mem 0x0000000000100000-0x00000000bffdffff] usable
[    0.000000] BIOS-e820: [mem 0x00000000bffe0000-0x00000000bfffffff] reserved
[    0.000000] BIOS-e820: [mem 0x00000000feffc000-0x00000000feffffff] reserved
[    0.000000] BIOS-e820: [mem 0x00000000fffc0000-0x00000000ffffffff] reserved
[    0.000000] BIOS-e820: [mem 0x0000000100000000-0x000000013fffffff] usable
[    0.000000] NX (Execute Disable) protection: active
[    0.000000] SMBIOS 2.8 present.
[    0.000000] DMI: QEMU Standard PC (i440FX + PIIX, 1996), BIOS rel-1.12.0-59-gc9ba5276e321-prebuilt.qemu.org 04/01/2014
[    0.000000] Hypervisor detected: KVM
[    0.000000] kvm-clock: Using msrs 4b564d01 and 4b564d00
[    0.000000] kvm-clock: cpu 0, msr 4601001, primary cpu clock
[    0.000000] kvm-clock: using sched offset of 680534034 cycles
[    0.000002] clocksource: kvm-clock: mask: 0xffffffffffffffff max_cycles: 0x1cd42e4dffb, max_idle_ns: 881590591483 ns
[    0.000004] tsc: Detected 3187.200 MHz processor
[    0.000196] last_pfn = 0x140000 max_arch_pfn = 0x400000000
[    0.000214] x86/PAT: Configuration [0-7]: WB  WC  UC- UC  WB  WP  UC- WT  
[    0.000217] last_pfn = 0xbffe0 max_arch_pfn = 0x400000000
[    0.002508] found SMP MP-table at [mem 0x000f5aa0-0x000f5aaf]
[    0.002516] Kernel/User page tables isolation: disabled on command line.
[    0.002645] RAMDISK: [mem 0xbc4ff000-0xbffdffff]
[    0.002648] ACPI: Early table checksum verification disabled
[    0.002651] ACPI: RSDP 0x00000000000F58B0 000014 (v00 BOCHS )
[    0.002653] ACPI: RSDT 0x00000000BFFE1CA8 000030 (v01 BOCHS  BXPCRSDT 00000001 BXPC 00000001)
[    0.002657] ACPI: FACP 0x00000000BFFE1B84 000074 (v01 BOCHS  BXPCFACP 00000001 BXPC 00000001)
[    0.002660] ACPI: DSDT 0x00000000BFFE0040 001B44 (v01 BOCHS  BXPCDSDT 00000001 BXPC 00000001)
[    0.002662] ACPI: FACS 0x00000000BFFE0000 000040
[    0.002664] ACPI: APIC 0x00000000BFFE1BF8 000078 (v01 BOCHS  BXPCAPIC 00000001 BXPC 00000001)
[    0.002665] ACPI: HPET 0x00000000BFFE1C70 000038 (v01 BOCHS  BXPCHPET 00000001 BXPC 00000001)
[    0.002667] ACPI: Reserving FACP table memory at [mem 0xbffe1b84-0xbffe1bf7]
[    0.002668] ACPI: Reserving DSDT table memory at [mem 0xbffe0040-0xbffe1b83]
[    0.002668] ACPI: Reserving FACS table memory at [mem 0xbffe0000-0xbffe003f]
[    0.002669] ACPI: Reserving APIC table memory at [mem 0xbffe1bf8-0xbffe1c6f]
[    0.002669] ACPI: Reserving HPET table memory at [mem 0xbffe1c70-0xbffe1ca7]
[    0.002783] No NUMA configuration found
[    0.002783] Faking a node at [mem 0x0000000000000000-0x000000013fffffff]
[    0.002787] NODE_DATA(0) allocated [mem 0x13ffd3000-0x13fffcfff]
[    0.002943] Zone ranges:
[    0.002943]   DMA      [mem 0x0000000000001000-0x0000000000ffffff]
[    0.002945]   DMA32    [mem 0x0000000001000000-0x00000000ffffffff]
[    0.002946]   Normal   [mem 0x0000000100000000-0x000000013fffffff]
[    0.002946]   Device   empty
[    0.002947] Movable zone start for each node
[    0.002948] Early memory node ranges
[    0.002948]   node   0: [mem 0x0000000000001000-0x000000000009efff]
[    0.002949]   node   0: [mem 0x0000000000100000-0x00000000bffdffff]
[    0.002950]   node   0: [mem 0x0000000100000000-0x000000013fffffff]
[    0.002951] Initmem setup node 0 [mem 0x0000000000001000-0x000000013fffffff]
[    0.002955] On node 0, zone DMA: 1 pages in unavailable ranges
[    0.002972] On node 0, zone DMA: 97 pages in unavailable ranges
[    0.007603] On node 0, zone Normal: 32 pages in unavailable ranges
[    0.007909] ACPI: PM-Timer IO Port: 0x608
[    0.007916] ACPI: LAPIC_NMI (acpi_id[0xff] dfl dfl lint[0x1])
[    0.007938] IOAPIC[0]: apic_id 0, version 17, address 0xfec00000, GSI 0-23
[    0.007940] ACPI: INT_SRC_OVR (bus 0 bus_irq 0 global_irq 2 dfl dfl)
[    0.007941] ACPI: INT_SRC_OVR (bus 0 bus_irq 5 global_irq 5 high level)
[    0.007942] ACPI: INT_SRC_OVR (bus 0 bus_irq 9 global_irq 9 high level)
[    0.007942] ACPI: INT_SRC_OVR (bus 0 bus_irq 10 global_irq 10 high level)
[    0.007943] ACPI: INT_SRC_OVR (bus 0 bus_irq 11 global_irq 11 high level)
[    0.007945] ACPI: Using ACPI (MADT) for SMP configuration information
[    0.007945] ACPI: HPET id: 0x8086a201 base: 0xfed00000
[    0.007947] TSC deadline timer available
[    0.007949] smpboot: Allowing 1 CPUs, 0 hotplug CPUs
[    0.007960] PM: hibernation: Registered nosave memory: [mem 0x00000000-0x00000fff]
[    0.007961] PM: hibernation: Registered nosave memory: [mem 0x0009f000-0x000fffff]
[    0.007962] PM: hibernation: Registered nosave memory: [mem 0xbffe0000-0xffffffff]
[    0.007963] [mem 0xc0000000-0xfeffbfff] available for PCI devices
[    0.007964] Booting paravirtualized kernel on KVM
[    0.007966] clocksource: refined-jiffies: mask: 0xffffffff max_cycles: 0xffffffff, max_idle_ns: 7645519600211568 ns
[    0.007970] setup_percpu: NR_CPUS:8192 nr_cpumask_bits:1 nr_cpu_ids:1 nr_node_ids:1
[    0.008101] percpu: Embedded 62 pages/cpu s217088 r8192 d28672 u2097152
[    0.008117] kvm-guest: stealtime: cpu 0, msr 13bc34080
[    0.008119] kvm-guest: PV spinlocks disabled, no host support
[    0.008121] Built 1 zonelists, mobility grouping on.  Total pages: 1031904
[    0.008122] Policy zone: Normal
[    0.008123] Kernel command line: root=/dev/sda1 rw console=ttyS0 oops=panic nopti nokaslr nosmap nosmep intel_iommu=on
[    0.008162] DMAR: IOMMU enabled
[    0.008163] Unknown kernel command line parameters "nopti nokaslr", will be passed to user space.
[    0.008404] Dentry cache hash table entries: 524288 (order: 10, 4194304 bytes, linear)
[    0.008531] Inode-cache hash table entries: 262144 (order: 9, 2097152 bytes, linear)
[    0.008550] mem auto-init: stack:off, heap alloc:on, heap free:off
[    0.021021] Memory: 3936728K/4193784K available (16393K kernel code, 4397K rwdata, 10988K rodata, 3284K init, 18780K bss, 256800K reserved, 0K cma-reserved)
[    0.021144] SLUB: HWalign=64, Order=0-3, MinObjects=0, CPUs=1, Nodes=1
[    0.021161] ftrace: allocating 50858 entries in 199 pages
[    0.034932] ftrace: allocated 199 pages with 5 groups
[    0.035000] rcu: Hierarchical RCU implementation.
[    0.035001] rcu: 	RCU restricting CPUs from NR_CPUS=8192 to nr_cpu_ids=1.
[    0.035002] 	Rude variant of Tasks RCU enabled.
[    0.035003] 	Tracing variant of Tasks RCU enabled.
[    0.035003] rcu: RCU calculated value of scheduler-enlistment delay is 25 jiffies.
[    0.035004] rcu: Adjusting geometry for rcu_fanout_leaf=16, nr_cpu_ids=1
[    0.036982] NR_IRQS: 524544, nr_irqs: 256, preallocated irqs: 16
[    0.040324] Console: colour VGA+ 80x25
[    0.062800] printk: console [ttyS0] enabled
[    0.062955] ACPI: Core revision 20210730
[    0.063153] clocksource: hpet: mask: 0xffffffff max_cycles: 0xffffffff, max_idle_ns: 19112604467 ns
[    0.063533] APIC: Switch to symmetric I/O mode setup
[    0.063786] x2apic enabled
[    0.063976] Switched APIC routing to physical x2apic.
[    0.064544] ..TIMER: vector=0x30 apic1=0 pin1=2 apic2=-1 pin2=-1
[    0.064759] clocksource: tsc-early: mask: 0xffffffffffffffff max_cycles: 0x2df10e7656b, max_idle_ns: 440795364873 ns
[    0.065116] Calibrating delay loop (skipped) preset value.. 6374.40 BogoMIPS (lpj=12748800)
[    0.065457] Last level iTLB entries: 4KB 0, 2MB 0, 4MB 0
[    0.065640] Last level dTLB entries: 4KB 0, 2MB 0, 4MB 0, 1GB 0
[    0.065842] Spectre V1 : Mitigation: usercopy/swapgs barriers and __user pointer sanitization
[    0.066158] Spectre V2 : Mitigation: Retpolines
[    0.066313] Spectre V2 : Spectre v2 / SpectreRSB: Filling RSB on context switch and VMEXIT
[    0.066596] Speculative Store Bypass: Vulnerable
[    0.066754] MDS: Vulnerable: Clear CPU buffers attempted, no microcode
[    0.066976] MMIO Stale Data: Unknown: No mitigations
[    0.067145] ITS: Mitigation: Aligned branch/return thunks
[    0.067340] x86/fpu: Supporting XSAVE feature 0x001: 'x87 floating point registers'
[    0.069115] x86/fpu: Supporting XSAVE feature 0x002: 'SSE registers'
[    0.069337] x86/fpu: Supporting XSAVE feature 0x004: 'AVX registers'
[    0.069559] x86/fpu: xstate_offset[2]:  576, xstate_sizes[2]:  256
[    0.069775] x86/fpu: Enabled xstate features 0x7, context size is 832 bytes, using 'standard' format.
[    0.083271] Freeing SMP alternatives memory: 44K
[    0.083443] pid_max: default: 32768 minimum: 301
[    0.083634] LSM: Security Framework initializing
[    0.083802] landlock: Up and running.
[    0.083936] Yama: becoming mindful.
[    0.084079] AppArmor: AppArmor initialized
[    0.084246] Mount-cache hash table entries: 8192 (order: 4, 65536 bytes, linear)
[    0.084508] Mountpoint-cache hash table entries: 8192 (order: 4, 65536 bytes, linear)
[    0.084941] smpboot: CPU0: Intel Core (Haswell)            NYX vCPU (PT) (family: 0x6, model: 0x3c, stepping: 0x4)
[    0.085113] Performance Events: unsupported p6 CPU model 60 no PMU driver, software events only.
[    0.085113] signal: max sigframe size: 1776
[    0.085113] rcu: Hierarchical SRCU implementation.
[    0.085113] NMI watchdog: Perf NMI watchdog permanently disabled
[    0.085113] smp: Bringing up secondary CPUs ...
[    0.085113] smp: Brought up 1 node, 1 CPU
[    0.085113] smpboot: Max logical packages: 1
[    0.085113] smpboot: Total of 1 processors activated (6374.40 BogoMIPS)
[    0.085113] devtmpfs: initialized
[    0.085113] x86/mm: Memory block size: 128MB
[    0.085113] clocksource: jiffies: mask: 0xffffffff max_cycles: 0xffffffff, max_idle_ns: 7645041785100000 ns
[    0.085113] futex hash table entries: 256 (order: 2, 16384 bytes, linear)
[    0.085113] pinctrl core: initialized pinctrl subsystem
[    0.085113] PM: RTC time: 05:12:28, date: 2025-11-28
[    0.085113] NET: Registered PF_NETLINK/PF_ROUTE protocol family
[    0.085178] DMA: preallocated 512 KiB GFP_KERNEL pool for atomic allocations
[    0.085458] DMA: preallocated 512 KiB GFP_KERNEL|GFP_DMA pool for atomic allocations
[    0.085760] DMA: preallocated 512 KiB GFP_KERNEL|GFP_DMA32 pool for atomic allocations
[    0.086038] audit: initializing netlink subsys (disabled)
[    0.086290] thermal_sys: Registered thermal governor 'fair_share'
[    0.086290] thermal_sys: Registered thermal governor 'bang_bang'
[    0.086504] thermal_sys: Registered thermal governor 'step_wise'
[    0.086714] thermal_sys: Registered thermal governor 'user_space'
[    0.086924] thermal_sys: Registered thermal governor 'power_allocator'
[    0.087139] cpuidle: using governor ladder
[    0.087512] cpuidle: using governor menu
[    0.087673] ACPI: bus type PCI registered
[    0.087816] acpiphp: ACPI Hot Plug PCI Controller Driver version: 0.5
[    0.088088] PCI: Using configuration type 1 for base access
[    0.088783] kprobes: kprobe jump-optimization is enabled. All kprobes are optimized if possible.
[    0.089099] audit: type=2000 audit(1764306749.031:1): state=initialized audit_enabled=0 res=1
[    0.089151] HugeTLB registered 2.00 MiB page size, pre-allocated 0 pages
[    0.089740] ACPI: Added _OSI(Module Device)
[    0.089891] ACPI: Added _OSI(Processor Device)
[    0.090048] ACPI: Added _OSI(3.0 _SCP Extensions)
[    0.090214] ACPI: Added _OSI(Processor Aggregator Device)
[    0.090405] ACPI: Added _OSI(Linux-Dell-Video)
[    0.090564] ACPI: Added _OSI(Linux-Lenovo-NV-HDMI-Audio)
[    0.090753] ACPI: Added _OSI(Linux-HPI-Hybrid-Graphics)
[    0.091430] ACPI: 1 ACPI AML tables successfully acquired and loaded
[    0.092106] ACPI: Interpreter enabled
[    0.092244] ACPI: PM: (supports S0 S3 S4 S5)
[    0.092400] ACPI: Using IOAPIC for interrupt routing
[    0.092580] PCI: Using host bridge windows from ACPI; if necessary, use "pci=nocrs" and report a bug
[    0.092898] PCI: Using E820 reservations for host bridge windows
[    0.093156] ACPI: Enabled 2 GPEs in block 00 to 0F
[    0.094480] ACPI: PCI Root Bridge [PCI0] (domain 0000 [bus 00-ff])
[    0.094701] acpi PNP0A03:00: _OSC: OS supports [ASPM ClockPM Segments MSI EDR HPX-Type3]
[    0.094988] acpi PNP0A03:00: fail to add MMCONFIG information, can't access extended PCI configuration space under this bridge.
[    0.095507] acpiphp: Slot [4] registered
[    0.095654] acpiphp: Slot [5] registered
[    0.095799] acpiphp: Slot [6] registered
[    0.095948] acpiphp: Slot [7] registered
[    0.096092] acpiphp: Slot [8] registered
[    0.096236] acpiphp: Slot [9] registered
[    0.096380] acpiphp: Slot [10] registered
[    0.096527] acpiphp: Slot [11] registered
[    0.096674] acpiphp: Slot [12] registered
[    0.096821] acpiphp: Slot [13] registered
[    0.096968] acpiphp: Slot [14] registered
[    0.097141] acpiphp: Slot [15] registered
[    0.097289] acpiphp: Slot [16] registered
[    0.097438] acpiphp: Slot [17] registered
[    0.097586] acpiphp: Slot [18] registered
[    0.097733] acpiphp: Slot [19] registered
[    0.097880] acpiphp: Slot [20] registered
[    0.098026] acpiphp: Slot [21] registered
[    0.098173] acpiphp: Slot [22] registered
[    0.098321] acpiphp: Slot [23] registered
[    0.098468] acpiphp: Slot [24] registered
[    0.098614] acpiphp: Slot [25] registered
[    0.098761] acpiphp: Slot [26] registered
[    0.098908] acpiphp: Slot [27] registered
[    0.099055] acpiphp: Slot [28] registered
[    0.099202] acpiphp: Slot [29] registered
[    0.099353] acpiphp: Slot [30] registered
[    0.099499] acpiphp: Slot [31] registered
[    0.099645] PCI host bridge to bus 0000:00
[    0.099791] pci_bus 0000:00: root bus resource [io  0x0000-0x0cf7 window]
[    0.100029] pci_bus 0000:00: root bus resource [io  0x0d00-0xffff window]
[    0.100267] pci_bus 0000:00: root bus resource [mem 0x000a0000-0x000bffff window]
[    0.100529] pci_bus 0000:00: root bus resource [mem 0xc0000000-0xfebfffff window]
[    0.100790] pci_bus 0000:00: root bus resource [mem 0x800000000-0x1800007fff window]
[    0.101060] pci_bus 0000:00: root bus resource [bus 00-ff]
[    0.101156] pci 0000:00:00.0: [8086:1237] type 00 class 0x060000
[    0.101655] pci 0000:00:01.0: [8086:7000] type 00 class 0x060100
[    0.102042] pci 0000:00:01.1: [8086:7010] type 00 class 0x010180
[    0.102547] pci 0000:00:01.1: reg 0x20: [io  0xd060-0xd06f]
[    0.102755] pci 0000:00:01.1: legacy IDE quirk: reg 0x10: [io  0x01f0-0x01f7]
[    0.103008] pci 0000:00:01.1: legacy IDE quirk: reg 0x14: [io  0x03f6]
[    0.103250] pci 0000:00:01.1: legacy IDE quirk: reg 0x18: [io  0x0170-0x0177]
[    0.103501] pci 0000:00:01.1: legacy IDE quirk: reg 0x1c: [io  0x0376]
[    0.103823] pci 0000:00:01.3: [8086:7113] type 00 class 0x068000
[    0.104155] pci 0000:00:01.3: quirk: [io  0x0600-0x063f] claimed by PIIX4 ACPI
[    0.104411] pci 0000:00:01.3: quirk: [io  0x0700-0x070f] claimed by PIIX4 SMB
[    0.104860] pci 0000:00:02.0: [1234:1111] type 00 class 0x030000
[    0.105409] pci 0000:00:02.0: reg 0x10: [mem 0xfd000000-0xfdffffff pref]
[    0.105653] pci 0000:00:02.0: reg 0x18: [mem 0xfc050000-0xfc050fff]
[    0.105882] pci 0000:00:02.0: reg 0x30: [mem 0xfc040000-0xfc04ffff pref]
[    0.106143] pci 0000:00:02.0: Video device with shadowed ROM at [mem 0x000c0000-0x000dffff]
[    0.106631] pci 0000:00:03.0: [1b36:000c] type 01 class 0x060400
[    0.113137] pci 0000:00:03.0: reg 0x10: [mem 0xfc051000-0xfc051fff]
[    0.121528] pci 0000:00:04.0: [1af4:1000] type 00 class 0x020000
[    0.122204] pci 0000:00:04.0: reg 0x10: [io  0xd040-0xd05f]
[    0.122405] pci 0000:00:04.0: reg 0x14: [mem 0xfc052000-0xfc052fff]
[    0.122642] pci 0000:00:04.0: reg 0x20: [mem 0x1800000000-0x1800003fff 64bit pref]
[    0.122908] pci 0000:00:04.0: reg 0x30: [mem 0xfc000000-0xfc03ffff pref]
[    0.123486] pci 0000:00:05.0: [1af4:1009] type 00 class 0x000200
[    0.124160] pci 0000:00:05.0: reg 0x10: [io  0xd000-0xd03f]
[    0.124365] pci 0000:00:05.0: reg 0x14: [mem 0xfc053000-0xfc053fff]
[    0.124594] pci 0000:00:05.0: reg 0x20: [mem 0x1800004000-0x1800007fff 64bit pref]
[    0.128030] acpiphp: Slot [0] registered
[    0.128179] acpiphp: Slot [1] registered
[    0.128327] acpiphp: Slot [2] registered
[    0.128483] acpiphp: Slot [3] registered
[    0.128636] acpiphp: Slot [4-2] registered
[    0.128791] acpiphp: Slot [5-2] registered
[    0.128965] acpiphp: Slot [6-2] registered
[    0.129120] acpiphp: Slot [7-2] registered
[    0.129274] acpiphp: Slot [8-2] registered
[    0.129427] acpiphp: Slot [9-2] registered
[    0.129581] acpiphp: Slot [10-2] registered
[    0.129738] acpiphp: Slot [11-2] registered
[    0.129896] acpiphp: Slot [12-2] registered
[    0.130053] acpiphp: Slot [13-2] registered
[    0.130209] acpiphp: Slot [14-2] registered
[    0.130366] acpiphp: Slot [15-2] registered
[    0.130522] acpiphp: Slot [16-2] registered
[    0.130679] acpiphp: Slot [17-2] registered
[    0.130837] acpiphp: Slot [18-2] registered
[    0.130993] acpiphp: Slot [19-2] registered
[    0.131256] acpiphp: Slot [20-2] registered
[    0.131417] acpiphp: Slot [21-2] registered
[    0.131575] acpiphp: Slot [22-2] registered
[    0.131736] acpiphp: Slot [23-2] registered
[    0.131893] acpiphp: Slot [24-2] registered
[    0.132051] acpiphp: Slot [25-2] registered
[    0.132208] acpiphp: Slot [26-2] registered
[    0.132368] acpiphp: Slot [27-2] registered
[    0.132526] acpiphp: Slot [28-2] registered
[    0.132683] acpiphp: Slot [29-2] registered
[    0.132839] acpiphp: Slot [30-2] registered
[    0.132998] acpiphp: Slot [31-2] registered
[    0.133176] pci 0000:01:00.0: [10de:2685] type 00 class 0x030000
[    0.141139] pci 0000:01:00.0: reg 0x10: [mem 0xfa000000-0xfaffffff]
[    0.141378] pci 0000:01:00.0: reg 0x14: [mem 0x800000000-0xfffffffff 64bit pref]
[    0.141642] pci 0000:01:00.0: reg 0x1c: [mem 0x1000000000-0x1001ffffff 64bit pref]
[    0.141909] pci 0000:01:00.0: reg 0x24: [io  0xc000-0xc07f]
[    0.142107] pci 0000:01:00.0: reg 0x30: [mem 0xfb000000-0xfb07ffff pref]
[    0.142367] pci 0000:01:00.0: Max Payload Size set to 128 (was 256, max 256)
[    0.142646] pci 0000:01:00.0: Enabling HDA controller
[    0.143091] pci 0000:01:00.1: [10de:22ba] type 00 class 0x040300
[    0.143614] pci 0000:01:00.1: reg 0x10: [mem 0xfb080000-0xfb083fff]
[    0.143872] pci 0000:01:00.1: Max Payload Size set to 128 (was 256, max 256)
[    0.147522] pci 0000:00:03.0: PCI bridge to [bus 01]
[    0.147728] pci 0000:00:03.0:   bridge window [io  0xc000-0xcfff]
[    0.147948] pci 0000:00:03.0:   bridge window [mem 0xfa000000-0xfbffffff]
[    0.148201] pci 0000:00:03.0:   bridge window [mem 0x800000000-0x17ffffffff 64bit pref]
[    0.148927] ACPI: PCI: Interrupt link LNKA configured for IRQ 10
[    0.149149] ACPI: PCI: Interrupt link LNKB configured for IRQ 10
[    0.149391] ACPI: PCI: Interrupt link LNKC configured for IRQ 11
[    0.153156] ACPI: PCI: Interrupt link LNKD configured for IRQ 11
[    0.157156] ACPI: PCI: Interrupt link LNKS configured for IRQ 9
[    0.158011] iommu: Default domain type: Translated 
[    0.158510] iommu: DMA domain TLB invalidation policy: lazy mode 
[    0.159307] SCSI subsystem initialized
[    0.159770] pci 0000:00:02.0: vgaarb: setting as boot VGA device
[    0.160332] pci 0000:00:02.0: vgaarb: VGA device added: decodes=io+mem,owns=io+mem,locks=none
[    0.161111] pci 0000:01:00.0: vgaarb: VGA device added: decodes=io+mem,owns=none,locks=none
[    0.161117] pci 0000:00:02.0: vgaarb: no bridge control possible
[    0.161596] pci 0000:01:00.0: vgaarb: bridge control possible
[    0.162034] vgaarb: loaded
[    0.162252] ACPI: bus type USB registered
[    0.162572] usbcore: registered new interface driver usbfs
[    0.162958] usbcore: registered new interface driver hub
[    0.163315] usbcore: registered new device driver usb
[    0.163665] pps_core: LinuxPPS API ver. 1 registered
[    0.163977] pps_core: Software ver. 5.3.6 - Copyright 2005-2007 Rodolfo Giometti <giometti@linux.it>
[    0.164531] PTP clock support registered
[    0.164787] EDAC MC: Ver: 3.0.0
[    0.165209] NetLabel: Initializing
[    0.165407] NetLabel:  domain hash size = 128
[    0.165662] NetLabel:  protocols = UNLABELED CIPSOv4 CALIPSO
[    0.165967] NetLabel:  unlabeled traffic allowed by default
[    0.166268] PCI: Using ACPI for IRQ routing
[    0.166604] hpet0: at MMIO 0xfed00000, IRQs 2, 8, 0
[    0.166852] hpet0: 3 comparators, 64-bit 100.000000 MHz counter
[    0.171159] clocksource: Switched to clocksource kvm-clock
[    0.174655] VFS: Disk quotas dquot_6.6.0
[    0.174812] VFS: Dquot-cache hash table entries: 512 (order 0, 4096 bytes)
[    0.175078] AppArmor: AppArmor Filesystem Enabled
[    0.175078] pnp: PnP ACPI init
[    0.175078] pnp: PnP ACPI: found 6 devices
[    0.180580] clocksource: acpi_pm: mask: 0xffffff max_cycles: 0xffffff, max_idle_ns: 2085701024 ns
[    0.182507] NET: Registered PF_INET protocol family
[    0.182728] IP idents hash table entries: 65536 (order: 7, 524288 bytes, linear)
[    0.183496] tcp_listen_portaddr_hash hash table entries: 2048 (order: 3, 32768 bytes, linear)
[    0.183825] Table-perturb hash table entries: 65536 (order: 6, 262144 bytes, linear)
[    0.184121] TCP established hash table entries: 32768 (order: 6, 262144 bytes, linear)
[    0.184439] TCP bind hash table entries: 32768 (order: 7, 524288 bytes, linear)
[    0.184706] TCP: Hash tables configured (established 32768 bind 32768)
[    0.184965] MPTCP token hash table entries: 4096 (order: 4, 98304 bytes, linear)
[    0.185232] UDP hash table entries: 2048 (order: 4, 65536 bytes, linear)
[    0.185471] UDP-Lite hash table entries: 2048 (order: 4, 65536 bytes, linear)
[    0.185737] NET: Registered PF_UNIX/PF_LOCAL protocol family
[    0.185938] NET: Registered PF_XDP protocol family
[    0.186113] pci 0000:00:03.0: PCI bridge to [bus 01]
[    0.186299] pci 0000:00:03.0:   bridge window [io  0xc000-0xcfff]
[    0.186865] pci 0000:00:03.0:   bridge window [mem 0xfa000000-0xfbffffff]
[    0.250234] pci 0000:00:03.0:   bridge window [mem 0x800000000-0x17ffffffff 64bit pref]
[    0.679114] pci_bus 0000:00: resource 4 [io  0x0000-0x0cf7 window]
[    0.679348] pci_bus 0000:00: resource 5 [io  0x0d00-0xffff window]
[    0.679570] pci_bus 0000:00: resource 6 [mem 0x000a0000-0x000bffff window]
[    0.679811] pci_bus 0000:00: resource 7 [mem 0xc0000000-0xfebfffff window]
[    0.680056] pci_bus 0000:00: resource 8 [mem 0x800000000-0x1800007fff window]
[    0.680307] pci_bus 0000:01: resource 0 [io  0xc000-0xcfff]
[    0.680503] pci_bus 0000:01: resource 1 [mem 0xfa000000-0xfbffffff]
[    0.680723] pci_bus 0000:01: resource 2 [mem 0x800000000-0x17ffffffff 64bit pref]
[    0.681039] pci 0000:00:01.0: PIIX3: Enabling Passive Release
[    0.681245] pci 0000:00:00.0: Limiting direct PCI/PCI transfers
[    0.681457] pci 0000:00:01.0: Activating ISA DMA hang workarounds
[    0.681753] pci 0000:01:00.1: D0 power state depends on 0000:01:00.0
[    0.681985] PCI: CLS 64 bytes, default 64
[    0.682241] Trying to unpack rootfs image as initramfs...
[    0.688065] PCI-DMA: Using software bounce buffering for IO (SWIOTLB)
[    0.688304] software IO TLB: mapped [mem 0x00000000b84ff000-0x00000000bc4ff000] (64MB)
[    0.688608] clocksource: tsc: mask: 0xffffffffffffffff max_cycles: 0x2df10e7656b, max_idle_ns: 440795364873 ns
[    0.689135] Initialise system trusted keyrings
[    0.689300] Key type blacklist registered
[    0.692059] workingset: timestamp_bits=36 max_order=20 bucket_order=0
[    0.692708] zbud: loaded
[    0.692910] squashfs: version 4.0 (2009/01/31) Phillip Lougher
[    0.693175] fuse: init (API version 7.34)
[    0.693381] integrity: Platform Keyring initialized
[    0.700105] Key type asymmetric registered
[    0.700264] Asymmetric key parser 'x509' registered
[    0.700446] Block layer SCSI generic (bsg) driver version 0.4 loaded (major 243)
[    0.700726] io scheduler mq-deadline registered
[    0.716988] ACPI: \_SB_.LNKC: Enabled at IRQ 11
[    0.717598] shpchp: Standard Hot Plug PCI Controller Driver version: 0.4
[    0.717895] input: Power Button as /devices/LNXSYSTM:00/LNXPWRBN:00/input/input0
[    0.718177] ACPI: button: Power Button [PWRF]
[    0.731892] ACPI: \_SB_.LNKD: Enabled at IRQ 10
[    0.752257] ACPI: \_SB_.LNKA: Enabled at IRQ 10
[    0.752794] Serial: 8250/16550 driver, 32 ports, IRQ sharing enabled
[    0.796172] 00:05: ttyS0 at I/O 0x3f8 (irq = 4, base_baud = 115200) is a 16550A
[    0.796993] Linux agpgart interface v0.103
[    0.800492] loop: module loaded
[    0.804087] scsi host0: ata_piix
[    0.808126] scsi host1: ata_piix
[    0.808261] ata1: PATA max MWDMA2 cmd 0x1f0 ctl 0x3f6 bmdma 0xd060 irq 14
[    0.808500] ata2: PATA max MWDMA2 cmd 0x170 ctl 0x376 bmdma 0xd068 irq 15
[    0.808792] tun: Universal TUN/TAP device driver, 1.6
[    0.809101] PPP generic driver version 2.4.2
[    0.809267] VFIO - User Level meta-driver version: 0.3
[    0.809465] ehci_hcd: USB 2.0 'Enhanced' Host Controller (EHCI) Driver
[    0.809699] ehci-pci: EHCI PCI platform driver
[    0.809860] ehci-platform: EHCI generic platform driver
[    0.810045] ohci_hcd: USB 1.1 'Open' Host Controller (OHCI) Driver
[    0.810273] ohci-pci: OHCI PCI platform driver
[    0.810432] ohci-platform: OHCI generic platform driver
[    0.810617] uhci_hcd: USB Universal Host Controller Interface driver
[    0.810863] i8042: PNP: PS/2 Controller [PNP0303:KBD,PNP0f13:MOU] at 0x60,0x64 irq 1,12
[    0.811467] serio: i8042 KBD port at 0x60,0x64 irq 1
[    0.811644] serio: i8042 AUX port at 0x60,0x64 irq 12
[    0.811855] mousedev: PS/2 mouse device common for all mice
[    0.812140] input: AT Translated Set 2 keyboard as /devices/platform/i8042/serio0/input/input1
[    0.812538] rtc_cmos 00:00: RTC can wake from S4
[    0.812870] rtc_cmos 00:00: registered as rtc0
[    0.813046] rtc_cmos 00:00: setting system clock to 2025-11-28T05:12:30 UTC (1764306750)
[    0.813354] rtc_cmos 00:00: alarms up to one day, y3k, 114 bytes nvram, hpet irqs
[    0.813621] i2c_dev: i2c /dev entries driver
[    0.813779] device-mapper: core: CONFIG_IMA_DISABLE_HTABLE is disabled. Duplicate IMA measurements will not be recorded in the IMA log.
[    0.814214] device-mapper: uevent: version 1.0.3
[    0.814496] device-mapper: ioctl: 4.45.0-ioctl (2021-03-22) initialised: dm-devel@redhat.com
[    0.814793] intel_pstate: CPU model not supported
[    0.816037] ledtrig-cpu: registered to indicate activity on CPUs
[    0.816288] drop_monitor: Initializing network drop monitor service
[    0.816581] NET: Registered PF_INET6 protocol family
[    0.926513] Freeing initrd memory: 60292K
[    0.928470] Segment Routing with IPv6
[    0.928620] In-situ OAM (IOAM) with IPv6
[    0.928775] NET: Registered PF_PACKET protocol family
[    0.928971] Key type dns_resolver registered
[    0.929197] IPI shorthand broadcast: enabled
[    0.929357] sched_clock: Marking stable (904002525, 24025582)->(2495815169, -1567787062)
[    0.929678] registered taskstats version 1
[    0.929841] Loading compiled-in X.509 certificates
[    0.930244] Loaded X.509 cert 'Build time autogenerated kernel key: 3ac203769a753ce7e438a801fab1a5366a0fc884'
[    0.930785] Loaded X.509 cert 'Canonical Ltd. Live Patch Signing 2025 Kmod: d541cef61dc7e793b7eb7e899970a2eef0b5dc8c'
[    0.931356] Loaded X.509 cert 'Canonical Ltd. Live Patch Signing: 14df34d1a87cf37625abec039ef2bf521249b969'
[    0.931894] Loaded X.509 cert 'Canonical Ltd. Kernel Module Signing: 88f752e560a1e0737e31163a466ad7b70a850c19'
[    0.932247] blacklist: Loading compiled-in revocation X.509 certificates
[    0.932502] Loaded X.509 cert 'Canonical Ltd. Secure Boot Signing: 61482aa2830d0ab2ad5af10b7250da9033ddcef0'
[    0.932856] Loaded X.509 cert 'Canonical Ltd. Secure Boot Signing (2017): 242ade75ac4a15e50d50c84b0d45ff3eae707a03'
[    0.933225] Loaded X.509 cert 'Canonical Ltd. Secure Boot Signing (ESM 2018): 365188c1d374d6b07c3c8f240f8ef722433d6a8b'
[    0.933604] Loaded X.509 cert 'Canonical Ltd. Secure Boot Signing (2019): c0746fd6c5da3ae827864651ad66ae47fe24b3e8'
[    0.933972] Loaded X.509 cert 'Canonical Ltd. Secure Boot Signing (2021 v1): a8d54bbb3825cfb94fa13c9f8a594a195c107b8d'
[    0.934354] Loaded X.509 cert 'Canonical Ltd. Secure Boot Signing (2021 v2): 4cf046892d6fd3c9a5b03f98d845f90851dc6a8c'
[    0.934731] Loaded X.509 cert 'Canonical Ltd. Secure Boot Signing (2021 v3): 100437bb6de6e469b581e61cd66bce3ef4ed53af'
[    0.935108] Loaded X.509 cert 'Canonical Ltd. Secure Boot Signing (Ubuntu Core 2019): c1d57b8f6b743f23ee41f4f7ee292f06eecadfb9'
[    0.935529] zswap: loaded using pool lzo/zbud
[    0.935724] Key type .fscrypt registered
[    0.935863] Key type fscrypt-provisioning registered
[    0.936850] Key type encrypted registered
[    0.937007] AppArmor: AppArmor sha1 policy hashing enabled
[    0.937203] ima: No TPM chip found, activating TPM-bypass!
[    0.937399] Loading compiled-in module X.509 certificates
[    0.937788] Loaded X.509 cert 'Build time autogenerated kernel key: 3ac203769a753ce7e438a801fab1a5366a0fc884'
[    0.938140] ima: Allocated hash algorithm: sha1
[    0.938304] ima: No architecture policies found
[    0.938468] evm: Initialising EVM extended attributes:
[    0.938649] evm: security.selinux
[    0.938768] evm: security.SMACK64
[    0.938887] evm: security.SMACK64EXEC
[    0.939017] evm: security.SMACK64TRANSMUTE
[    0.939163] evm: security.SMACK64MMAP
[    0.939294] evm: security.apparmor
[    0.939415] evm: security.ima
[    0.939522] evm: security.capability
[    0.939650] evm: HMAC attrs: 0x1
[    0.939883] PM:   Magic number: 1:831:214
[    0.940120] RAS: Correctable Errors collector initialized.
[    0.940321] clk: Disabling unused clocks
[    0.968669] ata1.00: ATA-7: QEMU HARDDISK, 2.5+, max UDMA/100
[    0.969199] ata1.00: 67108864 sectors, multi 16: LBA48 
[    0.970122] scsi 0:0:0:0: Direct-Access     ATA      QEMU HARDDISK    2.5+ PQ: 0 ANSI: 5
[    0.970987] sd 0:0:0:0: [sda] 67108864 512-byte logical blocks: (34.4 GB/32.0 GiB)
[    0.971612] sd 0:0:0:0: [sda] Write Protect is off
[    0.971990] sd 0:0:0:0: Attached scsi generic sg0 type 0
[    0.972851] ata2.00: ATAPI: QEMU DVD-ROM, 2.5+, max UDMA/100
[    0.973680] sd 0:0:0:0: [sda] Write cache: enabled, read cache: enabled, doesn't support DPO or FUA
[    0.974457] scsi 1:0:0:0: CD-ROM            QEMU     QEMU DVD-ROM     2.5+ PQ: 0 ANSI: 5
[    0.982470]  sda: sda1 sda14 sda15
[    0.982674] sd 0:0:0:0: [sda] Attached SCSI disk
[    0.996509] sr 1:0:0:0: [sr0] scsi3-mmc drive: 4x/4x cd/rw xa/form2 tray
[    0.997037] cdrom: Uniform CD-ROM driver Revision: 3.20
[    1.021376] sr 1:0:0:0: Attached scsi generic sg1 type 5
[    1.031586] Freeing unused decrypted memory: 2036K
[    1.032686] Freeing unused kernel image (initmem) memory: 3284K
[    1.033317] Write protecting the kernel read-only data: 30720k
[    1.034252] Freeing unused kernel image (text/rodata gap) memory: 2036K
[    1.034984] Freeing unused kernel image (rodata/data gap) memory: 1300K
[    1.061349] x86/mm: Checked W+X mappings: passed, no W+X pages found.
[    1.061625] Run /init as init process
Loading, please wait...
Starting version 249.11-0ubuntu3.16
[    1.117583] piix4_smbus 0000:00:01.3: SMBus Host Controller at 0x700, revision 0
[    1.125415] input: VirtualPS/2 VMware VMMouse as /devices/platform/i8042/serio1/input/input4
[    1.125788] input: VirtualPS/2 VMware VMMouse as /devices/platform/i8042/serio1/input/input3
[    1.133176] cryptd: max_cpu_qlen set to 1000
[    1.134865] AVX2 version of gcm_enc/dec engaged.
[    1.135042] AES CTR mode by8 optimization enabled
[    1.135459] Floppy drive(s): fd0 is 2.88M AMI BIOS
[    1.149804] virtio_net virtio0 ens4: renamed from eth0
[    1.154761] FDC 0 is a S82078B
[    1.166709] bochs-drm 0000:00:02.0: vgaarb: deactivate vga console
[    1.169855] Console: switching to colour dummy device 80x25
[    1.170155] [drm] Found bochs VGA, ID 0xb0c0.
[    1.170311] [drm] Framebuffer size 16384 kB @ 0xfd000000, mmio @ 0xfc050000.
[    1.170999] [drm] Found EDID data blob.
[    1.171205] [drm] Initialized bochs-drm 1.0.0 20130925 for 0000:00:02.0 on minor 0
[    1.171774] fbcon: bochs-drmdrmfb (fb0) is primary device
[    1.172817] Console: switching to colour frame buffer device 128x48
[    1.173478] bochs-drm 0000:00:02.0: [drm] fb0: bochs-drmdrmfb frame buffer device
Begin: Loading essential drivers ... [    1.452029] raid6: avx2x4   gen() 54907 MB/s
[    1.520027] raid6: avx2x4   xor()  8954 MB/s
[    1.588027] raid6: avx2x2   gen() 60845 MB/s
[    1.656027] raid6: avx2x2   xor() 42063 MB/s
[    1.724027] raid6: avx2x1   gen() 57773 MB/s
[    1.792027] raid6: avx2x1   xor() 39865 MB/s
[    1.860027] raid6: sse2x4   gen() 41097 MB/s
[    1.928027] raid6: sse2x4   xor()  7057 MB/s
[    1.996027] raid6: sse2x2   gen() 45854 MB/s
[    2.064026] raid6: sse2x2   xor() 27625 MB/s
[    2.132027] raid6: sse2x1   gen() 38611 MB/s
[    2.200027] raid6: sse2x1   xor() 24813 MB/s
[    2.200181] raid6: using algorithm avx2x2 gen() 60845 MB/s
[    2.200376] raid6: .... xor() 42063 MB/s, rmw enabled
[    2.200556] raid6: using avx2x2 recovery algorithm
[    2.200743] clocksource: Long readout interval, skipping watchdog check: cs_nsec: 1112713743 wd_nsec: 1112713612
[    2.201730] xor: automatically using best checksumming function   avx       
[    2.202337] async_tx: api initialized (async)
done.
Begin: Running /scripts/init-premount ... done.
Begin: Mounting root file system ... Begin: Running /scripts/local-top ... done.
Begin: Running /scripts/local-premount ... [    2.225099] Btrfs loaded, crc32c=crc32c-intel, zoned=yes, fsverity=yes
Scanning for Btrfs filesystems
[    2.316225] floppy0: disk absent or changed during operation
[    2.317295] blk_update_request: I/O error, dev fd0, sector 0 op 0x0:(READ) flags 0x80700 phys_seg 1 prio class 0
[    2.319245] floppy0: disk absent or changed during operation
[    2.320304] blk_update_request: I/O error, dev fd0, sector 0 op 0x0:(READ) flags 0x0 phys_seg 1 prio class 0
[    2.322074] Buffer I/O error on dev fd0, logical block 0, async page read
done.
Begin: Will now check root file system ... fsck from util-linux 2.37.2
[/usr/sbin/fsck.ext4 (1) -- /dev/sda1] fsck.ext4 -a -C0 /dev/sda1 
cloudimg-rootfs: clean, 117997/4128768 files, 1701981/8360187 blocks
done.
[    2.360656] EXT4-fs (sda1): mounted filesystem with ordered data mode. Opts: (null). Quota mode: none.
done.
Begin: Running /scripts/local-bottom ... done.
Begin: Running /scripts/init-bottom ... done.
[    2.554502] systemd[1]: Inserted module 'autofs4'
[    2.570075] systemd[1]: systemd 249.11-0ubuntu3.16 running in system mode (+PAM +AUDIT +SELINUX +APPARMOR +IMA +SMACK +SECCOMP +GCRYPT +GNUTLS +OPENSSL +ACL +BLKID +CURL +ELFUTILS +FIDO2 +IDN2 -IDN +IPTC +KMOD +LIBCRYPTSETUP +LIBFDISK +PCRE2 -PWQUALITY -P11KIT -QRENCODE +BZIP2 +LZ4 +XZ +ZLIB +ZSTD -XKBCOMMON +UTMP +SYSVINIT default-hierarchy=unified)
[    2.571189] systemd[1]: Detected virtualization kvm.
[    2.571370] systemd[1]: Detected architecture x86-64.

Welcome to [1mUbuntu 22.04.5 LTS[0m!

[    2.572391] systemd[1]: Hostname set to <kafl-nvidia-guest>.
[    2.767125] random: lvmconfig: uninitialized urandom read (4 bytes read)
[    2.837229] floppy0: disk absent or changed during operation
[    2.838326] blk_update_request: I/O error, dev fd0, sector 0 op 0x0:(READ) flags 0x80700 phys_seg 1 prio class 0
[    2.840266] floppy0: disk absent or changed during operation
[    2.841300] blk_update_request: I/O error, dev fd0, sector 0 op 0x0:(READ) flags 0x0 phys_seg 1 prio class 0
[    2.843114] Buffer I/O error on dev fd0, logical block 0, async page read
[    2.893228] systemd[1]: Configuration file /run/systemd/system/netplan-ovs-cleanup.service is marked world-inaccessible. This has no effect as configuration data is accessible via APIs without restrictions. Proceeding anyway.
[    2.905335] systemd[1]: /lib/systemd/system/snapd.service:23: Unknown key name 'RestartMode' in section 'Service', ignoring.
[    2.955268] random: systemd: uninitialized urandom read (16 bytes read)
[    2.955842] systemd[1]: Queued start job for default target Graphical Interface.
[    2.956225] random: systemd: uninitialized urandom read (16 bytes read)
[    2.956800] systemd[1]: Created slice Slice /system/modprobe.
[[0;32m  OK  [0m] Created slice [0;1;39mSlice /system/modprobe[0m.
[    2.957360] systemd[1]: Created slice Slice /system/serial-getty.
[[0;32m  OK  [0m] Created slice [0;1;39mSlice /system/serial-getty[0m.
[    2.957887] systemd[1]: Created slice Slice /system/systemd-fsck.
[[0;32m  OK  [0m] Created slice [0;1;39mSlice /system/systemd-fsck[0m.
[    2.958394] systemd[1]: Created slice User and Session Slice.
[[0;32m  OK  [0m] Created slice [0;1;39mUser and Session Slice[0m.
[    2.958811] systemd[1]: Started Forward Password Requests to Wall Directory Watch.
[[0;32m  OK  [0m] Started [0;1;39mForward Password R…uests to Wall Directory Watch[0m.
[    2.959383] systemd[1]: Set up automount Arbitrary Executable File Formats File System Automount Point.
[[0;32m  OK  [0m] Set up automount [0;1;39mArbitrary…s File System Automount Point[0m.
[    2.959977] systemd[1]: Reached target Slice Units.
[[0;32m  OK  [0m] Reached target [0;1;39mSlice Units[0m.
[    2.960340] systemd[1]: Reached target Mounting snaps.
[[0;32m  OK  [0m] Reached target [0;1;39mMounting snaps[0m.
[    2.960696] systemd[1]: Reached target Swaps.
[[0;32m  OK  [0m] Reached target [0;1;39mSwaps[0m.
[    2.961009] systemd[1]: Reached target Local Verity Protected Volumes.
[[0;32m  OK  [0m] Reached target [0;1;39mLocal Verity Protected Volumes[0m.
[    2.961466] systemd[1]: Listening on Device-mapper event daemon FIFOs.
[[0;32m  OK  [0m] Listening on [0;1;39mDevice-mapper event daemon FIFOs[0m.
[    2.961936] systemd[1]: Listening on LVM2 poll daemon socket.
[[0;32m  OK  [0m] Listening on [0;1;39mLVM2 poll daemon socket[0m.
[    2.962368] systemd[1]: Listening on multipathd control socket.
[[0;32m  OK  [0m] Listening on [0;1;39mmultipathd control socket[0m.
[    2.962794] systemd[1]: Listening on Syslog Socket.
[[0;32m  OK  [0m] Listening on [0;1;39mSyslog Socket[0m.
[    2.963153] systemd[1]: Listening on fsck to fsckd communication Socket.
[[0;32m  OK  [0m] Listening on [0;1;39mfsck to fsckd communication Socket[0m.
[    2.963612] systemd[1]: Listening on initctl Compatibility Named Pipe.
[[0;32m  OK  [0m] Listening on [0;1;39minitctl Compatibility Named Pipe[0m.
[    2.964120] systemd[1]: Listening on Journal Audit Socket.
[[0;32m  OK  [0m] Listening on [0;1;39mJournal Audit Socket[0m.
[    2.964524] systemd[1]: Listening on Journal Socket (/dev/log).
[[0;32m  OK  [0m] Listening on [0;1;39mJournal Socket (/dev/log)[0m.
[    2.964954] systemd[1]: Listening on Journal Socket.
[[0;32m  OK  [0m] Listening on [0;1;39mJournal Socket[0m.
[    2.965331] systemd[1]: Listening on Network Service Netlink Socket.
[[0;32m  OK  [0m] Listening on [0;1;39mNetwork Service Netlink Socket[0m.
[    2.965793] systemd[1]: Listening on udev Control Socket.
[[0;32m  OK  [0m] Listening on [0;1;39mudev Control Socket[0m.
[    2.966192] systemd[1]: Listening on udev Kernel Socket.
[[0;32m  OK  [0m] Listening on [0;1;39mudev Kernel Socket[0m.
[    2.966851] systemd[1]: Mounting Huge Pages File System...
         Mounting [0;1;39mHuge Pages File System[0m...
[    2.968653] systemd[1]: Mounting POSIX Message Queue File System...
         Mounting [0;1;39mPOSIX Message Queue File System[0m...
[    2.969869] systemd[1]: Mounting Kernel Debug File System...
         Mounting [0;1;39mKernel Debug File System[0m...
[    2.971003] systemd[1]: Mounting Kernel Trace File System...
         Mounting [0;1;39mKernel Trace File System[0m...
[    2.972408] systemd[1]: Starting Journal Service...
         Starting [0;1;39mJournal Service[0m...
[    2.976467] systemd[1]: Starting Set the console keyboard layout...
         Starting [0;1;39mSet the console keyboard layout[0m...
[    2.979670] systemd[1]: Starting Create List of Static Device Nodes...
         Starting [0;1;39mCreate List of Static Device Nodes[0m...
[    2.980618] systemd[1]: Starting Monitoring of LVM2 mirrors, snapshots etc. using dmeventd or progress polling...
         Starting [0;1;39mMonitoring of LVM…meventd or progress polling[0m...
[    2.981223] systemd[1]: Condition check resulted in LXD - agent being skipped.
[    2.981746] systemd[1]: Starting Load Kernel Module configfs...
         Starting [0;1;39mLoad Kernel Module configfs[0m...
[    2.984386] systemd[1]: Starting Load Kernel Module drm...
         Starting [0;1;39mLoad Kernel Module drm[0m...
[    2.985826] systemd[1]: Starting Load Kernel Module efi_pstore...
         Starting [0;1;39mLoad Kernel Module efi_pstore[0m...
[    2.987880] systemd[1]: Starting Load Kernel Module fuse...
         Starting [0;1;39mLoad Kernel Module fuse[0m...
[    2.988294] systemd[1]: Condition check resulted in OpenVSwitch configuration for cleanup being skipped.
[    2.988668] systemd[1]: Condition check resulted in File System Check on Root Device being skipped.
[    2.991107] systemd[1]: Starting Load Kernel Modules...
         Starting [0;1;39mLoad Kernel Modules[0m...
[    2.991739] systemd[1]: Starting Remount Root and Kernel File Systems...
         Starting [0;1;39mRemount Root and Kernel File Systems[0m...
[    2.992937] systemd[1]: Starting Coldplug All udev Devices...
         Starting [0;1;39mColdplug All udev Devices[0m...
[    2.996538] systemd[1]: Mounted Huge Pages File System.
[[0;32m  OK  [0m] Mounted [0;1;39mHuge Pages File System[0m.
[    2.996957] systemd[1]: Mounted POSIX Message Queue File System.
[[0;32m  OK  [0m] Mounted [0;1;39mPOSIX Message Queue File System[0m.
[    2.997386] systemd[1]: Mounted Kernel Debug File System.
[[0;32m  OK  [0m] Mounted [0;1;39mKernel Debug File System[0m.
[    2.997776] systemd[1]: Mounted Kernel Trace File System.
[[0;32m  OK  [0m] Mounted [0;1;39mKernel Trace File System[0m.
[    2.998263] systemd[1]: Finished Create List of Static Device Nodes.
[[0;32m  OK  [0m] Finished [0;1;39mCreate List of Static Device Nodes[0m.
[    3.000556] systemd[1]: modprobe@configfs.service: Deactivated successfully.
[    3.000879] systemd[1]: Finished Load Kernel Module configfs.
[[0;32m  OK  [0m] Finished [0;1;39mLoad Kernel Module configfs[0m.
[    3.001362] systemd[1]: modprobe@drm.service: Deactivated successfully.
[    3.001654] systemd[1]: Finished Load Kernel Module drm.
[[0;32m  OK  [0m] Finished [0;1;39mLoad Kernel Module drm[0m.
[    3.002985] systemd[1]: Mounting Kernel Configuration File System...
         Mounting [0;1;39mKernel Configuration File System[0m...
[    3.010741] systemd[1]: Mounted Kernel Configuration File System.
[[0;32m  OK  [0m] Mounted [0;1;39mKernel Configuration File System[0m.
[    3.012569] systemd[1]: Finished Load Kernel Modules.
[[0;32m  OK  [0m] Finished [0;1;39mLoad Kernel Modules[0m.
[    3.013208] systemd[1]: Starting Apply Kernel Variables...
         Starting [0;1;39mApply Kernel Variables[0m...
[    3.023066] EXT4-fs (sda1): re-mounted. Opts: discard,errors=remount-ro. Quota mode: none.
[    3.023792] systemd[1]: Finished Remount Root and Kernel File Systems.
[[0;32m  OK  [0m] Finished [0;1;39mRemount Root and Kernel File Systems[0m.
[    3.024525] systemd[1]: Starting Device-Mapper Multipath Device Controller...
         Starting [0;1;39mDevice-Mapper Multipath Device Controller[0m...
[    3.025313] systemd[1]: Starting Load/Save Random Seed...
         Starting [0;1;39mLoad/Save Random Seed[0m...
[    3.026024] systemd[1]: Starting Create System Users...
         Starting [0;1;39mCreate System Users[0m...
[    3.042132] alua: device handler registered
[    3.042730] emc: device handler registered
[    3.043723] rdac: device handler registered
[    3.051884] systemd[1]: modprobe@efi_pstore.service: Deactivated successfully.
[    3.052227] systemd[1]: Finished Load Kernel Module efi_pstore.
[[0;32m  OK  [0m] Finished [0;1;39mLoad Kernel Module efi_pstore[0m.
[    3.052693] systemd[1]: Condition check resulted in Platform Persistent Storage Archival being skipped.
[    3.053299] systemd[1]: modprobe@fuse.service: Deactivated successfully.
[    3.053602] systemd[1]: Finished Load Kernel Module fuse.
[[0;32m  OK  [0m] Finished [0;1;39mLoad Kernel Module fuse[0m.
[    3.054339] systemd[1]: Mounting FUSE Control File System...
         Mounting [0;1;39mFUSE Control File System[0m...
[    3.055506] systemd[1]: Mounted FUSE Control File System.
[[0;32m  OK  [0m] Mounted [0;1;39mFUSE Control File System[0m.
[    3.076570] systemd[1]: Finished Monitoring of LVM2 mirrors, snapshots etc. using dmeventd or progress polling.
[[0;32m  OK  [0m] Finished [0;1;39mMonitoring of LVM… dmeventd or progress polling[0m.
[    3.079415] systemd[1]: Started Journal Service.
[[0;32m  OK  [0m] Started [0;1;39mJournal Service[0m.
         Starting [0;1;39mFlush Journal to Persistent Storage[0m...
[    3.089506] systemd-journald[358]: Received client request to flush runtime journal.
[[0;32m  OK  [0m] Finished [0;1;39mCreate System Users[0m.
         Starting [0;1;39mCreate Static Device Nodes in /dev[0m...
[[0;32m  OK  [0m] Finished [0;1;39mApply Kernel Variables[0m.
[[0;32m  OK  [0m] Finished [0;1;39mColdplug All udev Devices[0m.
[[0;32m  OK  [0m] Finished [0;1;39mSet the console keyboard layout[0m.
[[0;32m  OK  [0m] Finished [0;1;39mFlush Journal to Persistent Storage[0m.
[[0;32m  OK  [0m] Finished [0;1;39mCreate Static Device Nodes in /dev[0m.
         Starting [0;1;39mRule-based Manage…for Device Events and Files[0m...
[[0;32m  OK  [0m] Started [0;1;39mDevice-Mapper Multipath Device Controller[0m.
[[0;32m  OK  [0m] Reached target [0;1;39mPreparation for Local File Systems[0m.
         Mounting [0;1;39mMount unit for core20, revision 2599[0m...
         Mounting [0;1;39mMount unit for core20, revision 2682[0m...
         Mounting [0;1;39mMount unit for lxd, revision 31333[0m...
         Mounting [0;1;39mMount unit for lxd, revision 36558[0m...
         Mounting [0;1;39mMount unit for snapd, revision 24792[0m...
         Mounting [0;1;39mMount unit for snapd, revision 25202[0m...
[[0;32m  OK  [0m] Mounted [0;1;39mMount unit for lxd, revision 31333[0m.
[[0;32m  OK  [0m] Mounted [0;1;39mMount unit for lxd, revision 36558[0m.
[[0;32m  OK  [0m] Mounted [0;1;39mMount unit for core20, revision 2682[0m.
[[0;32m  OK  [0m] Mounted [0;1;39mMount unit for snapd, revision 25202[0m.
[[0;32m  OK  [0m] Mounted [0;1;39mMount unit for core20, revision 2599[0m.
[[0;32m  OK  [0m] Mounted [0;1;39mMount unit for snapd, revision 24792[0m.
[[0;32m  OK  [0m] Reached target [0;1;39mMounted snaps[0m.
[[0;32m  OK  [0m] Started [0;1;39mRule-based Manager for Device Events and Files[0m.
[[0;32m  OK  [0m] Started [0;1;39mDispatch Password …ts to Console Directory Watch[0m.
[[0;32m  OK  [0m] Reached target [0;1;39mLocal Encrypted Volumes[0m.
[[0;32m  OK  [0m] Found device [0;1;39m/dev/ttyS0[0m.
[[0;32m  OK  [0m] Listening on [0;1;39mLoad/Save RF …itch Status /dev/rfkill Watch[0m.
[[0;32m  OK  [0m] Reached target [0;1;39mSound Card[0m.
[[0;32m  OK  [0m] Found device [0;1;39mQEMU_HARDDISK UEFI[0m.
         Starting [0;1;39mFile System Check on /dev/disk/by-label/UEFI[0m...
[[0;32m  OK  [0m] Started [0;1;39mFile System Check Daemon to report status[0m.
[[0;32m  OK  [0m] Finished [0;1;39mFile System Check on /dev/disk/by-label/UEFI[0m.
         Mounting [0;1;39m/boot/efi[0m...
[[0;32m  OK  [0m] Mounted [0;1;39m/boot/efi[0m.
[[0;32m  OK  [0m] Reached target [0;1;39mLocal File Systems[0m.
         Starting [0;1;39mLoad AppArmor profiles[0m...
         Starting [0;1;39mSet console font and keymap[0m...
         Starting [0;1;39mCreate final runt…dir for shutdown pivot root[0m...
         Starting [0;1;39mTell Plymouth To Write Out Runtime Data[0m...
         Starting [0;1;39mSet Up Additional Binary Formats[0m...
         Starting [0;1;39mCreate Volatile Files and Directories[0m...
         Starting [0;1;39mUncomplicated firewall[0m...
         Mounting [0;1;39mArbitrary Executable File Formats File System[0m...
[[0;32m  OK  [0m] Mounted [0;1;39mArbitrary Executable File Formats File System[0m.
[[0;32m  OK  [0m] Finished [0;1;39mSet console font and keymap[0m.
[[0;32m  OK  [0m] Finished [0;1;39mCreate final runt…e dir for shutdown pivot root[0m.
[[0;32m  OK  [0m] Finished [0;1;39mSet Up Additional Binary Formats[0m.
[[0;32m  OK  [0m] Finished [0;1;39mUncomplicated firewall[0m.
[[0;32m  OK  [0m] Reached target [0;1;39mPreparation for Network[0m.
         Starting [0;1;39mNetwork Configuration[0m...
[[0;32m  OK  [0m] Finished [0;1;39mLoad/Save Random Seed[0m.
[[0;32m  OK  [0m] Finished [0;1;39mTell Plymouth To Write Out Runtime Data[0m.
[[0;32m  OK  [0m] Finished [0;1;39mCreate Volatile Files and Directories[0m.
         Starting [0;1;39mNetwork Time Synchronization[0m...
         Starting [0;1;39mRecord System Boot/Shutdown in UTMP[0m...
[[0;32m  OK  [0m] Finished [0;1;39mRecord System Boot/Shutdown in UTMP[0m.
[[0;32m  OK  [0m] Started [0;1;39mNetwork Time Synchronization[0m.
[[0;32m  OK  [0m] Reached target [0;1;39mSystem Time Set[0m.
[[0;32m  OK  [0m] Started [0;1;39mNetwork Configuration[0m.
         Starting [0;1;39mWait for Network to be Configured[0m...
         Starting [0;1;39mNetwork Name Resolution[0m...
[[0;32m  OK  [0m] Finished [0;1;39mLoad AppArmor profiles[0m.
         Starting [0;1;39mLoad AppArmor pro…managed internally by snapd[0m...
[    4.462476] 
[[0;32m  OK  [0m] Started [0;1;39mNetwork Name Resolution[0m.
[[0;32m  OK  [0m] Reached target [0;1;39mNetwork[0m.
[[0;32m  OK  [0m] Reached target [0;1;39mHost and Network Name Lookups[0m.
[[0;32m  OK  [0m] Finished [0;1;39mLoad AppArmor pro…s managed internally by snapd[0m.
[[0;32m  OK  [0m] Reached target [0;1;39mSystem Initialization[0m.
[[0;32m  OK  [0m] Started [0;1;39mDaily apt download activities[0m.
[[0;32m  OK  [0m] Started [0;1;39mDaily apt upgrade and clean activities[0m.
[[0;32m  OK  [0m] Started [0;1;39mDaily dpkg database backup timer[0m.
[[0;32m  OK  [0m] Started [0;1;39mPeriodic ext4 Onli…ata Check for All Filesystems[0m.
[[0;32m  OK  [0m] Started [0;1;39mDiscard unused blocks once a week[0m.
[[0;32m  OK  [0m] Started [0;1;39mDaily rotation of log files[0m.
[[0;32m  OK  [0m] Started [0;1;39mDaily man-db regeneration[0m.
[[0;32m  OK  [0m] Started [0;1;39mMessage of the Day[0m.
[[0;32m  OK  [0m] Started [0;1;39mDaily Cleanup of Temporary Directories[0m.
[[0;32m  OK  [0m] Reached target [0;1;39mPath Units[0m.
[[0;32m  OK  [0m] Listening on [0;1;39mD-Bus System Message Bus Socket[0m.
[[0;32m  OK  [0m] Listening on [0;1;39mOpen-iSCSI iscsid Socket[0m.
[[0;32m  OK  [0m] Listening on [0;1;39mSocket unix for snap application lxd.daemon[0m.
[[0;32m  OK  [0m] Listening on [0;1;39mSocket unix f…p application lxd.user-daemon[0m.
         Starting [0;1;39mSocket activation for snappy daemon[0m...
[[0;32m  OK  [0m] Listening on [0;1;39mUUID daemon activation socket[0m.
[[0;32m  OK  [0m] Listening on [0;1;39mSocket activation for snappy daemon[0m.
[[0;32m  OK  [0m] Reached target [0;1;39mSocket Units[0m.
[[0;32m  OK  [0m] Reached target [0;1;39mBasic System[0m.
[[0;32m  OK  [0m] Started [0;1;39mD-Bus System Message Bus[0m.
[[0;32m  OK  [0m] Started [0;1;39mSave initial kernel messages after boot[0m.
         Starting [0;1;39mRemove Stale Onli…t4 Metadata Check Snapshots[0m...
         Starting [0;1;39mNVIDIA Fuzzing Agent Launcher[0m...
         Starting [0;1;39mRecord successful boot for GRUB[0m...
[[0;32m  OK  [0m] Started [0;1;39mirqbalance daemon[0m.
         Starting [0;1;39mDispatcher daemon for systemd-networkd[0m...
         Starting [0;1;39mSystem Logging Service[0m...
         Starting [0;1;39mService for snap application lxd.activate[0m...
[[0;32m  OK  [0m] Reached target [0;1;39mPreparation for Logins[0m.
         Starting [0;1;39mWait until snapd is fully seeded[0m...
         Starting [0;1;39mSnap Daemon[0m...
         Starting [0;1;39mUser Login Management[0m...
         Starting [0;1;39mRotate log files[0m...
[[0;32m  OK  [0m] Started [0;1;39mNVIDIA Fuzzing Agent Launcher[0m.
[[0;32m  OK  [0m] Finished [0;1;39mRecord successful boot for GRUB[0m.
         Starting [0;1;39mGRUB failed boot detection[0m...
[[0;32m  OK  [0m] Finished [0;1;39mGRUB failed boot detection[0m.
[[0;32m  OK  [0m] Started [0;1;39mSystem Logging Service[0m.
[[0;32m  OK  [0m] Finished [0;1;39mRotate log files[0m.
[[0;32m  OK  [0m] Finished [0;1;39mRemove Stale Onli…ext4 Metadata Check Snapshots[0m.
[[0;32m  OK  [0m] Started [0;1;39mUser Login Management[0m.
[[0;32m  OK  [0m] Started [0;1;39mUnattended Upgrades Shutdown[0m.
[[0;32m  OK  [0m] Started [0;1;39mDispatcher daemon for systemd-networkd[0m.
[[0;32m  OK  [0m] Finished [0;1;39mWait for Network to be Configured[0m.
[[0;32m  OK  [0m] Reached target [0;1;39mNetwork is Online[0m.
[[0;32m  OK  [0m] Started [0;1;39mDownload data for …ailed at package install time[0m.
[[0;32m  OK  [0m] Started [0;1;39mCheck to see wheth…w version of Ubuntu available[0m.
[[0;32m  OK  [0m] Reached target [0;1;39mTimer Units[0m.
[[0;32m  OK  [0m] Reached target [0;1;39mPreparation for Remote File Systems[0m.
[[0;32m  OK  [0m] Reached target [0;1;39mRemote File Systems[0m.
         Starting [0;1;39mLSB: automatic crash report generation[0m...
[[0;32m  OK  [0m] Finished [0;1;39mAvailability of block devices[0m.
[[0;32m  OK  [0m] Started [0;1;39mRegular background program processing daemon[0m.
         Starting [0;1;39mOpenBSD Secure Shell server[0m...
         Starting [0;1;39mPermit User Sessions[0m...
[[0;32m  OK  [0m] Finished [0;1;39mPermit User Sessions[0m.
         Starting [0;1;39mHold until boot process finishes up[0m...
         Starting [0;1;39mTerminate Plymouth Boot Screen[0m...
[[0;32m  OK  [0m] Finished [0;1;39mHold until boot process finishes up[0m.
[[0;32m  OK  [0m] Started [0;1;39mSerial Getty on ttyS0[0m.
         Starting [0;1;39mSet console scheme[0m...
[[0;32m  OK  [0m] Finished [0;1;39mTerminate Plymouth Boot Screen[0m.
[[0;32m  OK  [0m] Finished [0;1;39mSet console scheme[0m.
[[0;32m  OK  [0m] Created slice [0;1;39mSlice /system/getty[0m.
[[0;32m  OK  [0m] Started [0;1;39mGetty on tty1[0m.
[[0;32m  OK  [0m] Reached target [0;1;39mLogin Prompts[0m.
[[0;32m  OK  [0m] Started [0;1;39mLSB: automatic crash report generation[0m.
[[0;32m  OK  [0m] Started [0;1;39mOpenBSD Secure Shell server[0m.
[[0;32m  OK  [0m] Started [0;1;39mSnap Daemon[0m.
         Starting [0;1;39mTime & Date Service[0m...
[[0;32m  OK  [0m] Started [0;1;39mTime & Date Service[0m.
[[0;32m  OK  [0m] Finished [0;1;39mWait until snapd is fully seeded[0m.
[[0;32m  OK  [0m] Finished [0;1;39mService for snap application lxd.activate[0m.
[[0;32m  OK  [0m] Reached target [0;1;39mMulti-User System[0m.
[[0;32m  OK  [0m] Reached target [0;1;39mGraphical Interface[0m.
         Starting [0;1;39mRecord Runlevel Change in UTMP[0m...
[[0;32m  OK  [0m] Finished [0;1;39mRecord Runlevel Change in UTMP[0m.

Ubuntu 22.04.5 LTS kafl-nvidia-guest ttyS0

kafl-nvidia-guest login: 